2019-06-07 04:46:04,056 CRIT Supervisor is running as root.  Privileges were not dropped because no user is specified in the config file.  If you intend to run as root, you can set user=root in the config file to avoid this message.
2019-06-07 04:46:04,061 INFO supervisord started with pid 1
2019-06-07 04:46:05,066 INFO spawned: 'nginx' with pid 7
2019-06-07 04:46:06,105 INFO success: nginx entered RUNNING state, process has stayed up for > than 1 seconds (startsecs)
2019-06-07 05:47:26,581 WARN received SIGTERM indicating exit request
2019-06-07 05:47:26,584 INFO waiting for nginx to die
2019-06-07 05:47:26,675 INFO stopped: nginx (exit status 0)
2019-06-07 05:47:58,863 CRIT Supervisor is running as root.  Privileges were not dropped because no user is specified in the config file.  If you intend to run as root, you can set user=root in the config file to avoid this message.
2019-06-07 05:47:58,869 INFO supervisord started with pid 1
2019-06-07 05:47:59,874 INFO spawned: 'nginx' with pid 8
2019-06-07 05:48:00,898 INFO success: nginx entered RUNNING state, process has stayed up for > than 1 seconds (startsecs)
2019-06-07 05:48:04,320 WARN received SIGTERM indicating exit request
2019-06-07 05:48:04,322 INFO waiting for nginx to die
2019-06-07 05:48:04,378 INFO stopped: nginx (exit status 0)
2019-06-07 05:50:10,259 CRIT Supervisor is running as root.  Privileges were not dropped because no user is specified in the config file.  If you intend to run as root, you can set user=root in the config file to avoid this message.
2019-06-07 05:50:10,266 INFO supervisord started with pid 1
2019-06-07 05:50:11,270 INFO spawned: 'nginx' with pid 7
2019-06-07 05:50:12,316 INFO success: nginx entered RUNNING state, process has stayed up for > than 1 seconds (startsecs)
2019-06-07 05:53:28,399 WARN received SIGTERM indicating exit request
2019-06-07 05:53:28,401 INFO waiting for nginx to die
2019-06-07 05:53:28,500 INFO stopped: nginx (exit status 0)
